{"level":"info","message":"Starting Product Names test suite","service":"test-automation","timestamp":"2026-01-14 18:19:25"}
{"level":"info","message":"Testing page navigation","service":"test-automation","timestamp":"2026-01-14 18:19:25"}
{"level":"info","message":"Verifying Faded Short Sleeve T-shirts","service":"test-automation","timestamp":"2026-01-14 18:19:25"}
{"level":"info","message":"Verifying Blouse product","service":"test-automation","timestamp":"2026-01-14 18:19:25"}
{"level":"info","message":"Verifying Printed Dress","service":"test-automation","timestamp":"2026-01-14 18:19:25"}
{"level":"info","message":"Verifying Printed Dress Two","service":"test-automation","timestamp":"2026-01-14 18:19:25"}
{"level":"info","message":"Verifying Printed Summer Dress","service":"test-automation","timestamp":"2026-01-14 18:19:25"}
{"level":"info","message":"Verifying Printed Summer Dress Two","service":"test-automation","timestamp":"2026-01-14 18:19:25"}
{"level":"info","message":"Verifying Printed Chiffon Dress","service":"test-automation","timestamp":"2026-01-14 18:19:25"}
{"level":"info","message":"Starting Add to Cart test suite","service":"test-automation","timestamp":"2026-01-14 18:19:25"}
{"level":"info","message":"Verifying landing page loaded","service":"test-automation","timestamp":"2026-01-14 18:19:25"}
{"level":"info","message":"Verifying Chiffon Dress exists","service":"test-automation","timestamp":"2026-01-14 18:19:25"}
{"level":"info","message":"Clicking Chiffon Dress","service":"test-automation","timestamp":"2026-01-14 18:19:25"}
{"level":"info","message":"Adding product to cart","service":"test-automation","timestamp":"2026-01-14 18:19:25"}
{"level":"info","message":"Verifying success message","service":"test-automation","timestamp":"2026-01-14 18:19:25"}
{"level":"info","message":"Verifying cart count","service":"test-automation","timestamp":"2026-01-14 18:19:25"}
{"level":"info","message":"Starting Color Toggle test suite","service":"test-automation","timestamp":"2026-01-14 18:19:25"}
{"level":"info","message":"Verifying landing page","service":"test-automation","timestamp":"2026-01-14 18:19:25"}
{"level":"info","message":"Clicking product","service":"test-automation","timestamp":"2026-01-14 18:19:25"}
{"level":"info","message":"Selecting black color","service":"test-automation","timestamp":"2026-01-14 18:19:25"}
{"level":"info","message":"Selecting orange color","service":"test-automation","timestamp":"2026-01-14 18:19:25"}
{"level":"info","message":"Selecting blue color","service":"test-automation","timestamp":"2026-01-14 18:19:25"}
{"level":"info","message":"Selecting yellow color","service":"test-automation","timestamp":"2026-01-14 18:19:25"}
{"level":"info","message":"Navigating back home","service":"test-automation","timestamp":"2026-01-14 18:19:25"}
